/vol/cli-assist/artifacts/CMakeFiles/3.25.1/CompilerIdCXX/CMakeCXXCompilerId.cpp:319:10: warning: macro 'COMPILER_ID' used to declare a constant; consider using a 'constexpr' constant [cppcoreguidelines-macro-usage]
/vol/cli-assist/artifacts/CMakeFiles/3.25.1/CompilerIdCXX/CMakeCXXCompilerId.cpp:421:13: warning: variable 'info_compiler' is non-const and globally accessible, consider making it const [cppcoreguidelines-avoid-non-const-global-variables]
/vol/cli-assist/artifacts/CMakeFiles/3.25.1/CompilerIdCXX/CMakeCXXCompilerId.cpp:421:13: warning: declaration must be declared within the '__llvm_libc' namespace [llvmlibc-implementation-in-namespace]
/vol/cli-assist/artifacts/CMakeFiles/3.25.1/CompilerIdCXX/CMakeCXXCompilerId.cpp:434:9: warning: function-like macro 'STRINGIFY_HELPER' used; consider a 'constexpr' template function [cppcoreguidelines-macro-usage]
/vol/cli-assist/artifacts/CMakeFiles/3.25.1/CompilerIdCXX/CMakeCXXCompilerId.cpp:435:9: warning: function-like macro 'STRINGIFY' used; consider a 'constexpr' template function [cppcoreguidelines-macro-usage]
/vol/cli-assist/artifacts/CMakeFiles/3.25.1/CompilerIdCXX/CMakeCXXCompilerId.cpp:439:10: warning: macro 'PLATFORM_ID' used to declare a constant; consider using a 'constexpr' constant [cppcoreguidelines-macro-usage]
/vol/cli-assist/artifacts/CMakeFiles/3.25.1/CompilerIdCXX/CMakeCXXCompilerId.cpp:707:9: warning: function-like macro 'DEC' used; consider a 'constexpr' template function [cppcoreguidelines-macro-usage]
/vol/cli-assist/artifacts/CMakeFiles/3.25.1/CompilerIdCXX/CMakeCXXCompilerId.cpp:718:9: warning: function-like macro 'HEX' used; consider a 'constexpr' template function [cppcoreguidelines-macro-usage]
/vol/cli-assist/artifacts/CMakeFiles/3.25.1/CompilerIdCXX/CMakeCXXCompilerId.cpp:734:1: warning: do not declare C-style arrays, use std::array<> instead [cppcoreguidelines-avoid-c-arrays,hicpp-avoid-c-arrays,modernize-avoid-c-arrays]
/vol/cli-assist/artifacts/CMakeFiles/3.25.1/CompilerIdCXX/CMakeCXXCompilerId.cpp:734:12: warning: declaration must be declared within the '__llvm_libc' namespace [llvmlibc-implementation-in-namespace]
/vol/cli-assist/artifacts/CMakeFiles/3.25.1/CompilerIdCXX/CMakeCXXCompilerId.cpp:783:13: warning: variable 'info_platform' is non-const and globally accessible, consider making it const [cppcoreguidelines-avoid-non-const-global-variables]
/vol/cli-assist/artifacts/CMakeFiles/3.25.1/CompilerIdCXX/CMakeCXXCompilerId.cpp:783:13: warning: declaration must be declared within the '__llvm_libc' namespace [llvmlibc-implementation-in-namespace]
/vol/cli-assist/artifacts/CMakeFiles/3.25.1/CompilerIdCXX/CMakeCXXCompilerId.cpp:784:13: warning: variable 'info_arch' is non-const and globally accessible, consider making it const [cppcoreguidelines-avoid-non-const-global-variables]
/vol/cli-assist/artifacts/CMakeFiles/3.25.1/CompilerIdCXX/CMakeCXXCompilerId.cpp:784:13: warning: declaration must be declared within the '__llvm_libc' namespace [llvmlibc-implementation-in-namespace]
/vol/cli-assist/artifacts/CMakeFiles/3.25.1/CompilerIdCXX/CMakeCXXCompilerId.cpp:804:13: warning: variable 'info_language_standard_default' is non-const and globally accessible, consider making it const [cppcoreguidelines-avoid-non-const-global-variables]
/vol/cli-assist/artifacts/CMakeFiles/3.25.1/CompilerIdCXX/CMakeCXXCompilerId.cpp:804:13: warning: declaration must be declared within the '__llvm_libc' namespace [llvmlibc-implementation-in-namespace]
/vol/cli-assist/artifacts/CMakeFiles/3.25.1/CompilerIdCXX/CMakeCXXCompilerId.cpp:820:13: warning: variable 'info_language_extensions_default' is non-const and globally accessible, consider making it const [cppcoreguidelines-avoid-non-const-global-variables]
/vol/cli-assist/artifacts/CMakeFiles/3.25.1/CompilerIdCXX/CMakeCXXCompilerId.cpp:820:13: warning: declaration must be declared within the '__llvm_libc' namespace [llvmlibc-implementation-in-namespace]
/vol/cli-assist/artifacts/CMakeFiles/3.25.1/CompilerIdCXX/CMakeCXXCompilerId.cpp:832:5: warning: declaration must be declared within the '__llvm_libc' namespace [llvmlibc-implementation-in-namespace]
/vol/cli-assist/artifacts/CMakeFiles/3.25.1/CompilerIdCXX/CMakeCXXCompilerId.cpp:832:5: warning: use a trailing return type for this function [modernize-use-trailing-return-type]
/vol/cli-assist/artifacts/CMakeFiles/3.25.1/CompilerIdCXX/CMakeCXXCompilerId.cpp:835:14: warning: do not use pointer arithmetic [cppcoreguidelines-pro-bounds-pointer-arithmetic]
/vol/cli-assist/artifacts/CMakeFiles/3.25.1/CompilerIdCXX/CMakeCXXCompilerId.cpp:836:14: warning: do not use pointer arithmetic [cppcoreguidelines-pro-bounds-pointer-arithmetic]
/vol/cli-assist/artifacts/CMakeFiles/3.25.1/CompilerIdCXX/CMakeCXXCompilerId.cpp:837:14: warning: do not use pointer arithmetic [cppcoreguidelines-pro-bounds-pointer-arithmetic]
/vol/cli-assist/artifacts/CMakeFiles/3.25.1/CompilerIdCXX/CMakeCXXCompilerId.cpp:839:14: warning: do not use array subscript when the index is not an integer constant expression [cppcoreguidelines-pro-bounds-constant-array-index]
/vol/cli-assist/artifacts/CMakeFiles/3.25.1/CompilerIdCXX/CMakeCXXCompilerId.cpp:853:14: warning: do not use pointer arithmetic [cppcoreguidelines-pro-bounds-pointer-arithmetic]
/vol/cli-assist/artifacts/CMakeFiles/3.25.1/CompilerIdCXX/CMakeCXXCompilerId.cpp:854:14: warning: do not use pointer arithmetic [cppcoreguidelines-pro-bounds-pointer-arithmetic]
/vol/cli-assist/test/src/MyTestUt.cpp:1:1: warning: system include gtest/gtest.h not allowed [llvmlibc-restrict-system-libc-headers]
